<?xml version="1.0" encoding="UTF-8"?>
<!-- Generated by org.testng.reporters.JUnitXMLReporter -->
<testsuite ignored="1" hostname="kumar" failures="2" tests="8" name="RetryMultupleFailedTest" time="0.141" errors="0" timestamp="2021-08-13T15:52:44 IST">
  <testcase classname="RetryAnalyzer.MyTest" name="test1" time="0.018">
    <skipped/>
  </testcase> <!-- test1 -->
  <testcase classname="RetryAnalyzer.MyTest" name="test1" time="0.002">
    <skipped/>
  </testcase> <!-- test1 -->
  <testcase classname="RetryAnalyzer.MyTest" name="test1" time="0.004">
    <skipped/>
  </testcase> <!-- test1 -->
  <testcase classname="RetryAnalyzer.MyTest" name="test1" time="0.003">
    <failure type="java.lang.AssertionError" message="expected:&amp;lt;true&amp;gt; but was:&amp;lt;false&amp;gt;">
      <![CDATA[java.lang.AssertionError: expected:<true> but was:<false>
at org.junit.Assert.fail(Assert.java:88)
at org.junit.Assert.failNotEquals(Assert.java:834)
at org.junit.Assert.assertEquals(Assert.java:118)
at org.junit.Assert.assertEquals(Assert.java:144)
at RetryAnalyzer.MyTest.test1(MyTest.java:22)
at java.base/java.util.ArrayList.forEach(ArrayList.java:1511)
... Removed 27 stack frames]]>
    </failure>
  </testcase> <!-- test1 -->
  <testcase classname="RetryAnalyzer.MyTest" name="test2" time="0.002">
    <skipped/>
  </testcase> <!-- test2 -->
  <testcase classname="RetryAnalyzer.MyTest" name="test2" time="0.003">
    <skipped/>
  </testcase> <!-- test2 -->
  <testcase classname="RetryAnalyzer.MyTest" name="test2" time="0.003">
    <skipped/>
  </testcase> <!-- test2 -->
  <testcase classname="RetryAnalyzer.MyTest" name="test2" time="0.003">
    <failure type="java.lang.AssertionError" message="expected:&amp;lt;false&amp;gt; but was:&amp;lt;true&amp;gt;">
      <![CDATA[java.lang.AssertionError: expected:<false> but was:<true>
at org.junit.Assert.fail(Assert.java:88)
at org.junit.Assert.failNotEquals(Assert.java:834)
at org.junit.Assert.assertEquals(Assert.java:118)
at org.junit.Assert.assertEquals(Assert.java:144)
at RetryAnalyzer.MyTest.test2(MyTest.java:26)
at java.base/java.util.ArrayList.forEach(ArrayList.java:1511)
... Removed 27 stack frames]]>
    </failure>
  </testcase> <!-- test2 -->
  <testcase classname="RetryAnalyzer.MyTest" name="test3" time="0.0">
    <ignored/>
  </testcase> <!-- test3 -->
</testsuite> <!-- RetryMultupleFailedTest -->
