<?xml version="1.0" encoding="UTF-8"?>
<!-- Generated by org.testng.reporters.JUnitXMLReporter -->
<testsuite ignored="0" hostname="kumar" failures="0" tests="6" name="Default test" time="109.088" errors="0" timestamp="2021-08-29T14:03:13 IST">
  <testcase classname="com.DataDriven.DataDrivenOnRegistration" name="RegistrationPage" time="2.962"/>
  <testcase classname="com.DataDriven.DataDrivenOnRegistration" name="RegistrationPage" time="1.231"/>
  <testcase classname="com.DataDriven.DataDrivenOnRegistration" name="RegistrationPage" time="1.314"/>
  <testcase classname="com.DataDriven.DataDrivenOnRegistration" name="RegistrationPage" time="1.109"/>
  <testcase classname="com.DataDriven.DataDrivenOnRegistration" name="RegistrationPage" time="1.38"/>
  <testcase classname="com.DataDriven.DataDrivenOnRegistration" name="RegistrationPage" time="1.189"/>
</testsuite> <!-- Default test -->
