<?xml version="1.0" encoding="UTF-8"?>
<testng-results ignored="0" total="6" passed="6" failed="0" skipped="0">
  <reporter-output>
  </reporter-output>
  <suite started-at="2021-08-29T14:01:23 IST" name="Default suite" finished-at="2021-08-29T14:03:12 IST" duration-ms="109088">
    <groups>
    </groups>
    <test started-at="2021-08-29T14:01:23 IST" name="Default test" finished-at="2021-08-29T14:03:12 IST" duration-ms="109088">
      <class name="com.DataDriven.DataDrivenOnRegistration">
        <test-method is-config="true" signature="setUp()[pri:0, instance:com.DataDriven.DataDrivenOnRegistration@446293d]" started-at="2021-08-29T14:01:27 IST" name="setUp" finished-at="2021-08-29T14:01:52 IST" duration-ms="24396" status="PASS">
          <reporter-output>
          </reporter-output>
        </test-method> <!-- setUp -->
        <test-method signature="RegistrationPage(java.lang.String,java.lang.String,java.lang.String,java.lang.String,java.lang.String,java.lang.String,java.lang.String)[pri:0, instance:com.DataDriven.DataDrivenOnRegistration@446293d]" started-at="2021-08-29T14:01:52 IST" name="RegistrationPage" data-provider="getTestData" finished-at="2021-08-29T14:01:55 IST" duration-ms="2962" status="PASS">
          <params>
            <param index="0">
              <value>
                <![CDATA[will]]>
              </value>
            </param>
            <param index="1">
              <value>
                <![CDATA[smith]]>
              </value>
            </param>
            <param index="2">
              <value>
                <![CDATA[Hno:1-1-100,xyz]]>
              </value>
            </param>
            <param index="3">
              <value>
                <![CDATA[willsmith@gmail.com]]>
              </value>
            </param>
            <param index="4">
              <value>
                <![CDATA[123456789]]>
              </value>
            </param>
            <param index="5">
              <value>
                <![CDATA[Male]]>
              </value>
            </param>
            <param index="6">
              <value>
                <![CDATA[United States]]>
              </value>
            </param>
          </params>
          <reporter-output>
          </reporter-output>
        </test-method> <!-- RegistrationPage -->
        <test-method is-config="true" signature="tearDown()[pri:0, instance:com.DataDriven.DataDrivenOnRegistration@446293d]" started-at="2021-08-29T14:01:55 IST" name="tearDown" finished-at="2021-08-29T14:02:13 IST" duration-ms="18525" status="PASS">
          <reporter-output>
          </reporter-output>
        </test-method> <!-- tearDown -->
        <test-method is-config="true" signature="setUp()[pri:0, instance:com.DataDriven.DataDrivenOnRegistration@446293d]" started-at="2021-08-29T14:02:13 IST" name="setUp" finished-at="2021-08-29T14:02:22 IST" duration-ms="8803" status="PASS">
          <reporter-output>
          </reporter-output>
        </test-method> <!-- setUp -->
        <test-method signature="RegistrationPage(java.lang.String,java.lang.String,java.lang.String,java.lang.String,java.lang.String,java.lang.String,java.lang.String)[pri:0, instance:com.DataDriven.DataDrivenOnRegistration@446293d]" started-at="2021-08-29T14:02:22 IST" name="RegistrationPage" data-provider="getTestData" finished-at="2021-08-29T14:02:23 IST" duration-ms="1231" status="PASS">
          <params>
            <param index="0">
              <value>
                <![CDATA[Tom]]>
              </value>
            </param>
            <param index="1">
              <value>
                <![CDATA[Crues]]>
              </value>
            </param>
            <param index="2">
              <value>
                <![CDATA[Hno:2-2-200,abc]]>
              </value>
            </param>
            <param index="3">
              <value>
                <![CDATA[tomcrues@gmail.com]]>
              </value>
            </param>
            <param index="4">
              <value>
                <![CDATA[321654987]]>
              </value>
            </param>
            <param index="5">
              <value>
                <![CDATA[Male]]>
              </value>
            </param>
            <param index="6">
              <value>
                <![CDATA[United Kingdom]]>
              </value>
            </param>
          </params>
          <reporter-output>
          </reporter-output>
        </test-method> <!-- RegistrationPage -->
        <test-method is-config="true" signature="tearDown()[pri:0, instance:com.DataDriven.DataDrivenOnRegistration@446293d]" started-at="2021-08-29T14:02:23 IST" name="tearDown" finished-at="2021-08-29T14:02:24 IST" duration-ms="842" status="PASS">
          <reporter-output>
          </reporter-output>
        </test-method> <!-- tearDown -->
        <test-method is-config="true" signature="setUp()[pri:0, instance:com.DataDriven.DataDrivenOnRegistration@446293d]" started-at="2021-08-29T14:02:24 IST" name="setUp" finished-at="2021-08-29T14:02:33 IST" duration-ms="9506" status="PASS">
          <reporter-output>
          </reporter-output>
        </test-method> <!-- setUp -->
        <test-method signature="RegistrationPage(java.lang.String,java.lang.String,java.lang.String,java.lang.String,java.lang.String,java.lang.String,java.lang.String)[pri:0, instance:com.DataDriven.DataDrivenOnRegistration@446293d]" started-at="2021-08-29T14:02:33 IST" name="RegistrationPage" data-provider="getTestData" finished-at="2021-08-29T14:02:35 IST" duration-ms="1314" status="PASS">
          <params>
            <param index="0">
              <value>
                <![CDATA[Prasanna]]>
              </value>
            </param>
            <param index="1">
              <value>
                <![CDATA[Kumar]]>
              </value>
            </param>
            <param index="2">
              <value>
                <![CDATA[Hno:3-3-303,xyz]]>
              </value>
            </param>
            <param index="3">
              <value>
                <![CDATA[prasannakumar@gmail.com]]>
              </value>
            </param>
            <param index="4">
              <value>
                <![CDATA[147852369]]>
              </value>
            </param>
            <param index="5">
              <value>
                <![CDATA[Male]]>
              </value>
            </param>
            <param index="6">
              <value>
                <![CDATA[India]]>
              </value>
            </param>
          </params>
          <reporter-output>
          </reporter-output>
        </test-method> <!-- RegistrationPage -->
        <test-method is-config="true" signature="tearDown()[pri:0, instance:com.DataDriven.DataDrivenOnRegistration@446293d]" started-at="2021-08-29T14:02:35 IST" name="tearDown" finished-at="2021-08-29T14:02:36 IST" duration-ms="756" status="PASS">
          <reporter-output>
          </reporter-output>
        </test-method> <!-- tearDown -->
        <test-method is-config="true" signature="setUp()[pri:0, instance:com.DataDriven.DataDrivenOnRegistration@446293d]" started-at="2021-08-29T14:02:36 IST" name="setUp" finished-at="2021-08-29T14:02:46 IST" duration-ms="10346" status="PASS">
          <reporter-output>
          </reporter-output>
        </test-method> <!-- setUp -->
        <test-method signature="RegistrationPage(java.lang.String,java.lang.String,java.lang.String,java.lang.String,java.lang.String,java.lang.String,java.lang.String)[pri:0, instance:com.DataDriven.DataDrivenOnRegistration@446293d]" started-at="2021-08-29T14:02:46 IST" name="RegistrationPage" data-provider="getTestData" finished-at="2021-08-29T14:02:47 IST" duration-ms="1109" status="PASS">
          <params>
            <param index="0">
              <value>
                <![CDATA[chinna]]>
              </value>
            </param>
            <param index="1">
              <value>
                <![CDATA[kuna]]>
              </value>
            </param>
            <param index="2">
              <value>
                <![CDATA[Hno:4-4-404,abc]]>
              </value>
            </param>
            <param index="3">
              <value>
                <![CDATA[chinnakuna@gmail.com]]>
              </value>
            </param>
            <param index="4">
              <value>
                <![CDATA[369852147]]>
              </value>
            </param>
            <param index="5">
              <value>
                <![CDATA[Female]]>
              </value>
            </param>
            <param index="6">
              <value>
                <![CDATA[Aruba]]>
              </value>
            </param>
          </params>
          <reporter-output>
          </reporter-output>
        </test-method> <!-- RegistrationPage -->
        <test-method is-config="true" signature="tearDown()[pri:0, instance:com.DataDriven.DataDrivenOnRegistration@446293d]" started-at="2021-08-29T14:02:47 IST" name="tearDown" finished-at="2021-08-29T14:02:48 IST" duration-ms="733" status="PASS">
          <reporter-output>
          </reporter-output>
        </test-method> <!-- tearDown -->
        <test-method is-config="true" signature="setUp()[pri:0, instance:com.DataDriven.DataDrivenOnRegistration@446293d]" started-at="2021-08-29T14:02:48 IST" name="setUp" finished-at="2021-08-29T14:03:00 IST" duration-ms="12343" status="PASS">
          <reporter-output>
          </reporter-output>
        </test-method> <!-- setUp -->
        <test-method signature="RegistrationPage(java.lang.String,java.lang.String,java.lang.String,java.lang.String,java.lang.String,java.lang.String,java.lang.String)[pri:0, instance:com.DataDriven.DataDrivenOnRegistration@446293d]" started-at="2021-08-29T14:03:00 IST" name="RegistrationPage" data-provider="getTestData" finished-at="2021-08-29T14:03:01 IST" duration-ms="1380" status="PASS">
          <params>
            <param index="0">
              <value>
                <![CDATA[benson]]>
              </value>
            </param>
            <param index="1">
              <value>
                <![CDATA[neal]]>
              </value>
            </param>
            <param index="2">
              <value>
                <![CDATA[Hno:5-5-505,abcd]]>
              </value>
            </param>
            <param index="3">
              <value>
                <![CDATA[bensonneal@gmail.cpomq]]>
              </value>
            </param>
            <param index="4">
              <value>
                <![CDATA[789456123]]>
              </value>
            </param>
            <param index="5">
              <value>
                <![CDATA[Male]]>
              </value>
            </param>
            <param index="6">
              <value>
                <![CDATA[United States]]>
              </value>
            </param>
          </params>
          <reporter-output>
          </reporter-output>
        </test-method> <!-- RegistrationPage -->
        <test-method is-config="true" signature="tearDown()[pri:0, instance:com.DataDriven.DataDrivenOnRegistration@446293d]" started-at="2021-08-29T14:03:01 IST" name="tearDown" finished-at="2021-08-29T14:03:02 IST" duration-ms="960" status="PASS">
          <reporter-output>
          </reporter-output>
        </test-method> <!-- tearDown -->
        <test-method is-config="true" signature="setUp()[pri:0, instance:com.DataDriven.DataDrivenOnRegistration@446293d]" started-at="2021-08-29T14:03:02 IST" name="setUp" finished-at="2021-08-29T14:03:10 IST" duration-ms="7669" status="PASS">
          <reporter-output>
          </reporter-output>
        </test-method> <!-- setUp -->
        <test-method signature="RegistrationPage(java.lang.String,java.lang.String,java.lang.String,java.lang.String,java.lang.String,java.lang.String,java.lang.String)[pri:0, instance:com.DataDriven.DataDrivenOnRegistration@446293d]" started-at="2021-08-29T14:03:10 IST" name="RegistrationPage" data-provider="getTestData" finished-at="2021-08-29T14:03:11 IST" duration-ms="1189" status="PASS">
          <params>
            <param index="0">
              <value>
                <![CDATA[P]]>
              </value>
            </param>
            <param index="1">
              <value>
                <![CDATA[Banu]]>
              </value>
            </param>
            <param index="2">
              <value>
                <![CDATA[Hno:6-6-606,abcdfeq]]>
              </value>
            </param>
            <param index="3">
              <value>
                <![CDATA[pbanu@gmail.com]]>
              </value>
            </param>
            <param index="4">
              <value>
                <![CDATA[147852369]]>
              </value>
            </param>
            <param index="5">
              <value>
                <![CDATA[Female]]>
              </value>
            </param>
            <param index="6">
              <value>
                <![CDATA[India]]>
              </value>
            </param>
          </params>
          <reporter-output>
          </reporter-output>
        </test-method> <!-- RegistrationPage -->
        <test-method is-config="true" signature="tearDown()[pri:0, instance:com.DataDriven.DataDrivenOnRegistration@446293d]" started-at="2021-08-29T14:03:11 IST" name="tearDown" finished-at="2021-08-29T14:03:12 IST" duration-ms="694" status="PASS">
          <reporter-output>
          </reporter-output>
        </test-method> <!-- tearDown -->
      </class> <!-- com.DataDriven.DataDrivenOnRegistration -->
    </test> <!-- Default test -->
  </suite> <!-- Default suite -->
</testng-results>
