<?xml version="1.0" encoding="UTF-8"?>
<!-- Generated by org.testng.reporters.JUnitXMLReporter -->
<testsuite ignored="0" hostname="kumar" failures="0" tests="9" name="TestNG features Test" time="14.526" errors="0" timestamp="2021-08-10T15:02:43 IST">
  <testcase classname="TestNG.com.AnnotationApply" name="googleLogTest" time="0.145"/>
  <testcase classname="TestNG.com.AnnotationApply" name="getTitle" time="0.012"/>
  <testcase classname="TestNG.com.Features1" name="logIn" time="0.002"/>
  <testcase classname="TestNG.com.Features1" name="registrationPage" time="0.002"/>
  <testcase classname="TestNG.com.Features1" name="homePage" time="0.001"/>
  <testcase classname="TestNG.com.Features2" name="Assertiontest" time="0.005"/>
  <testcase classname="TestNG.com.Features2" name="handlingExpection" time="0.005"/>
  <testcase classname="TestNG.com.TestngAnnotation" name="test" time="0.003"/>
  <testcase classname="TestNG.com.TestngAnnotation" name="test1" time="0.003"/>
</testsuite> <!-- TestNG features Test -->
